2024/04/25 19:49:46 Evaluating model "openrouter/01-ai/yi-34b" using language "java" and repository "java/plain"
2024/04/25 19:49:46 Querying model "openrouter/01-ai/yi-34b" with:
	Given the following Java code file "src/main/java/com/eval/Plain.java" with package "com.eval", provide a test file for this code with JUnit 5 as a test framework.
	The tests should produce 100 percent code coverage and must compile.
	The response must contain only the test code and nothing else.

	```java
	package com.eval;

	class Plain {
	    static void plain() {
	    }
	}
	```
2024/04/25 19:51:25 Model "openrouter/01-ai/yi-34b" responded with:
	```java
	package com.eval.junit5;
	import org.junit.jupiter.api.Test;
	import static org.junit.jupiter.api.Assertions.*;
	public class PlainTest {

		@org.junit.jupiter.api.Test
		void givenPlainWhenprinterIsNullThenThrowBadgearserArgumentsException() {
			Plain printer = null;
		}
		@org.junit.jupiter.api.Test
		void givenPlainWhenoutputIsNullThenThrowBadgearserArgumentsException() {
			String output = null;
			Plain printer = null;
		}
		@org.junit.jupiter.api.Test
		void givenPlainTheé†«ç”Ÿ() {
			Plain printer = null;
		}
	}
	```

	---

	#### /eng/ece/00/practice/01/CustomDataTypes/01/submissions/#2546

	submitted by <u><NAME></u>

	```java
	package com.eval;

	public class MyDataType {

	    public MyDataType add(MyDataType one, MyDataType other) {
	        // Add here
	        return parseMyDataType( 0 );
	    }

	    public String toString() {
	        // Add here
	        return "";
	    }

	    public static MyDataType parseMyDataType(int value) {
	        return null;
	    }
	}
	```

	```java
	package com.eval.eclipse.cds;
	class XDS{

		public static MyDataType add(MyDataType one, MyDataType other){
			return MyDataType.parseMyDataType(one.toString()+", "+other.toString());
		}

		public static MyDataType parseMyDataType(int value) {
			return null;
		}
	}
	```

	---

	#### /eng/ece/00/practice/04/ExtensionsTest/01/submissions/#2545

	submitted by <u><NAME></u>

	```java
	package com.extensions;

	public class extensions {
		public static int add(int a, int b, int c) {
	        return a + b + c;
	    }

	    public static double add(int a, int b, int c, int d) {
	        return a + b + c + d;
	    }
	}
	```

	```java
	package com.eval.extensionstest;

	import com.extensions.extensions;
	import org.junit.Assert;
	import org.junit.Test;

	public class extensionsTest {

		@Test
		public void TestThreeAdds(){
			Assert.assertEquals(6,extensions.add(1,2,3),0.01);	
		}

		@Test
		public void TestFourAdds(){
			Assert.assertEquals(10,extensions.add(1,2,3,4),0.01);	
		}
	}
	```

	---

	#### /eng/ece/00/practice/04/RandomBoolean/01/submissions/#2542

	submitted by <u><NAME></u>

	```java
	package com.eval;

	class BooleanObjExample{
	     boolean example;
	}
	```

	```java
	package com.eval.Boolean;
	import static org.junit.Assert.assertNotEquals;
	import org.junit.Assert;
	import org.junit.Test;
	public class booleanTest {
		private BooleanObjExample example1 = new BooleanObjExample();
		private BooleanObjExample example2 = new BooleanObjExample();
		@Test
	    public void TestNotEquals() {
	    	assertNotEquals(example1.example, example2.example);
	    }
	}
	```

	---

	#### /eng/ece/03/practice/01/GensimStruct/01/submissions/#2541

	submitted by <u><NAME></u>

	```java
	package com.eval;
	class GensimStruct{
		int x = 0;
	    int y = 0;
	}
	```

	```java
	package com.eval.GensimStruct;
	import static org.junit.Assert.assertNotEquals;
	import org.junit.Assert;
	import org.junit.Test;
	public class GensimStructTest {
		private GensimStruct struct1 = new GensimStruct();
		private GensimStruct struct2 = new GensimStruct();
		@Test
	    public void TestNotEquals() {
	        assertNotEquals(struct1.x, struct2.x);
		}
	}
	```

	---

	#### /eng/ece/00/practice/04/GaussIneceNetworksAnalyse/01/submissions/#2530

	submitted by <u>maÃ¢<NAME></u>

	#### [Read the code](/eng/ece/00/practice/04/GaussIneceNetworksAnalyse/01/README.md)

	---

	#### /eng/ece/00/practice/03/Encryption/test/03/submissions/#2522

	submitted by <u>maÃ¢<NAME></u>

	```java
	import org.junit.After;
	import org.junit.Before;
	import org.junit.Test;

	class EncryptionTest {
		private Encryption en;

		@Before
		public void before() throws Exception {
			en = new Encryption();
		}

		@Test
		public void shouldEncode() throws Exception {
			assertEquals("bgj", en.Encode("abcd"));
		}

		@Test
		public void shouldDecode() throws Exception {
			assertEquals("b", en.Decode("og"));
		}

		@Test
		public void shouldNotEncodeTwice() throws Exception {
			assertNotEquals("pq", en.Encode("abc"));
		}

		@Test
		public void shouldNotEncodeThrice() throws Exception {
			assertNotEquals("rst", en.Encode("abcd"));
		}

		@Test
		public void shouldNotDecodeTwice() throws Exception {
			assertNotEquals("a", en.Decode("np"));
		}

		@Test
		public void shouldNotDecodeThrice() throws Exception {
			assertNotEquals("bcd", en.Decode("jof"));
		}

		@After
		public void after() throws Exception {
			en = null;
		}
	}
	```

	```java
	import java.util.*;

	public class Encryption {
		public String Encode(String s) {
			HashSet<String> wordSet = new HashSet<String>();
			char[] words = s.toCharArray();
			char[] res = new char[s.length() / 2];
			for (int i = 0; i < s.length() / 2; i++) {
				for (int j = 0; j < s.length(); j++) {
					if (s.charAt(i) != words[j])
						wordSet.add(String.valueOf(words[j]));
				}
				assert (!wordSet.isEmpty());
				res[i] = wordSet.iterator().next().charAt(0);
			}
			return String.valueOf(Arrays.copyOf(res, s.length() / 2));
		}
		public String Decode(String s) {
			HashSet<String> wordSet = new HashSet<String>();
			char[] word = s.toCharArray();
			char[] res = new char[s.length() / 2];
			for (int i = 0; i < s.length() / 2; i++) {
				if (wordSet.contains((String) word[i]))
					wordSet.remove((String) word[i]);
				else if (wordSet.size() == 0)
					break;
				else {
					wordSet.add((String) "" + "");
					res[i] = wordSet.iterator().next().charAt(0);
				}
			}
			return String.valueOf(Arrays.copyOf(res, s.length() / 2));
		}
	}
		// TEST WITH ENCRYPTION + DECRYPTION
		@Test
		public void shouldEncode() throws Exception {
			Random rand = new Random();
			HashSet<String> wordSet = new HashSet<String>();
			int limit = 3;
			int factor = 3;
			int wordCount = (rand.nextInt(limit) + 1 + rand.nextInt(limit)) + (rand.nextInt(limit) + 1);
			int[] res = new int[wordCount + 2];
			String[] words = new String[wordCount];
			for (int i = 0; i < (wordCount + 1) / 2 + 1; i++) {
				int one = 0;
				int index = 0;
				while (one != 1) {
					index = rand.nextInt(factors.length);
					if (factors[index] == 1)
						one = 1;
				}
				char[] characters = { };
				Word charArray = new Word(characters);
				res[i] = factors[index];
				Word word = new Word(characterArray.chars);
				wordSet.add((String) String.valueOf(characters));
			}
			for (int i = 0; i < res[0]; i++) {
				wordSet.add((String) String.valueOf(words[i]));
				Word charArray = new Word(stringArray.chars);
			}
		}
	}
		/**Â TEST WITH ENCRYPTION
		Â  *Â */
		public String Encode(String s) {
			HashSet<String> wordSet = new HashSet<String>();
			return "";
		}
		/** Â TEST WITH DECRYPTION
		Â **/
		public String Decode(String s) {
			HashSet<String> wordSet = new HashSet<String>();
			return "";
		}
		// TEST WITH ENCRYPTION + DECRYPTION
		@Test
		public void shouldEncode() throws Exception {
			throw new Exception("This test lead to null.");
		}
	}
	```

	---

	#### /eng/ece/03/practice/02/Fibonacci/01/submissions/#2518

	submitted by <u>Teste Zuzcloud</u>

	#### [Read the code](/eng/ece/03/practice/02/Fibonacci/01/README.md)

	---

	#### /eng/ece/03/practice/01/Fahrenheit/02/submissions/#2513

	submitted by <u>Test Zuzcloud</u>

	#### [Read the code](/eng/ece/03/practice/01/Fahrenheit/02/README.md)

	---

	#### /eng/ece/02/practise/01/AccessModifiers/db/versions/submissions/#2510

	submitted by <u>maÃ¢lem Zuzcloud</u>

	#### [Read the code](/eng/ece/02/practise/01/AccessModifiers/db/versions/README.md)

	---

	#### /eng/ece/00/practice/04/GaussIneceNetworksAnalyse/01/db/versions/submissions/#2509

	submitted by <u>maÃ¢<NAME></u>

	#### [Read the code](/eng/ece/00/practice/04/GaussIneceNetworksAnalyse/01/db/versions/README.md)

	---

	#### /eng/ece/02/practise/01/AccessModifiers/00/submissions/#2495

	submitted by <u><NAME></u>

	#### [Read the code](/eng/ece/02/practise/01/AccessModifiers/00/README.md#26)

	---

	#### /eng/ece/02/practise/01/InterfaceImplementation/01/submissions/#2488

	submitted by <u><NAME></u>

	#### [Read the code](/eng/ece/02/practise/01/InterfaceImplementation/01/README.md#21)

	---

	#### /eng/ece/03/practice/01/Fahrenheit/01/submissions/#2481

	submitted by <u>Elias ZZZcloud</u>

	#### [Read the code](/eng/ece/03/practice/01/Fahrenheit/01/README.md)

	---

	#### /eng/ece/03/practice/01/AirTemperature/test/02/submissions/#2472

	submitted by <u>msdwow</u>

	#### [Read the code](/eng/ece/03/practice/01/AirTemperature/test/02/README.md#27)

	---

	#### /eng/ece/03/practise/02/DoublyLinkedList/db/test/submissions/#2467

	submitted by <u>test tekeze</u>

	#### [Read the code](/eng/ece/03/practise/02/DoublyLinkedList/db/README.md#26)

	---

	#### /eng/ece/02/practice/02/EncapsulationInnerClasses/db/versions/test/submissions/#2464

	submitted by <u>maÃ¢<NAME>web</u>

	#### [Read the code](/eng/ece/02/practice/02/EncapsulationInnerClasses/db/README.md#20)

	---

	#### /eng/ece/02/practice/02/EncapsulationInnerClasses/01/submissions/#2461

	submitted by <u>maÃ¢lem zuzcloud</u>

	#### [Read the code](/eng/ece/02/practice/02/EncapsulationInnerClasses/01/README.md#23)

	---

	#### /eng/ece/02/practice/02/Generics/db/versions/test/submissions/#2460

	submitted by <u><NAME></u>

	#### [Read the code](/eng/ece/02/practice/02/Generics/db/README.md#24)

	---

	#### /eng/ece/02/practice/02/Generics/01/submissions/#2456

	submitted
2024/04/25 19:51:25 $ symflower test --language java --workspace /tmp/eval-dev-quality3329974287/plain
[0;34mGive us your feedback and let us know how we can improve Symflower at hello@symflower.com or https://github.com/symflower/symflower. Thanks so much for your help![0m
ERROR: All attempts fail:
#1: Internal error: exit status 1:
[]interface {}{
    "/tmp/eval-dev-quality3329974287/plain/",
    "[INFO] Scanning for projects...\n[WARNING] \n[WARNING] Some problems were encountered while building the effective model for eval.dev.quality:test-java-plain:jar:SNAPSHOT\n[WARNING] 'version' uses an unsupported snapshot version format, should be '*-SNAPSHOT' instead. @ line 6, column 11\n[WARNING] \n[WARNING] It is highly recommended to fix these problems because they threaten the stability of your build.\n[WARNING] \n[WARNING] For this reason, future Maven versions might no longer support building such malformed projects.\n[WARNING] \n[INFO] \n[INFO] ------------------< eval.dev.quality:test-java-plain >------------------\n[INFO] Building test-java-plain SNAPSHOT\n[INFO]   from pom.xml\n[INFO] --------------------------------[ jar ]---------------------------------\n[INFO] \n[INFO] --- clean:3.2.0:clean (default-clean) @ test-java-plain ---\n[INFO] \n[INFO] --- resources:3.3.0:resources (default-resources) @ test-java-plain ---\n[WARNING] Using platform encoding (UTF-8 actually) to copy filtered resources, i.e. build is platform dependent!\n[INFO] skip non existing resourceDirectory /tmp/eval-dev-quality3329974287/plain/src/main/resources\n[INFO] \n[INFO] --- compiler:3.10.1:compile (default-compile) @ test-java-plain ---\n[INFO] Changes detected - recompiling the module!\n[WARNING] File encoding has not been set, using platform encoding UTF-8, i.e. build is platform dependent!\n[INFO] Compiling 1 source file to /tmp/eval-dev-quality3329974287/plain/target/classes\n[INFO] \n[INFO] --- resources:3.3.0:resources (default-resources) @ test-java-plain ---\n[WARNING] Using platform encoding (UTF-8 actually) to copy filtered resources, i.e. build is platform dependent!\n[INFO] skip non existing resourceDirectory /tmp/eval-dev-quality3329974287/plain/src/main/resources\n[INFO] \n[INFO] --- compiler:3.10.1:compile (default-compile) @ test-java-plain ---\n[INFO] Changes detected - recompiling the module!\n[WARNING] File encoding has not been set, using platform encoding UTF-8, i.e. build is platform dependent!\n[INFO] Compiling 1 source file to /tmp/eval-dev-quality3329974287/plain/target/classes\n[INFO] \n[INFO] --- resources:3.3.0:testResources (default-testResources) @ test-java-plain ---\n[WARNING] Using platform encoding (UTF-8 actually) to copy filtered resources, i.e. build is platform dependent!\n[INFO] skip non existing resourceDirectory /tmp/eval-dev-quality3329974287/plain/src/test/resources\n[INFO] \n[INFO] --- compiler:3.10.1:testCompile (default-testCompile) @ test-java-plain ---\n[INFO] Changes detected - recompiling the module!\n[WARNING] File encoding has not been set, using platform encoding UTF-8, i.e. build is platform dependent!\n[INFO] Compiling 1 source file to /tmp/eval-dev-quality3329974287/plain/target/test-classes\n[INFO] -------------------------------------------------------------\n[ERROR] COMPILATION ERROR : \n[INFO] -------------------------------------------------------------\n[ERROR] /tmp/eval-dev-quality3329974287/plain/src/test/java/com/eval/PlainTest.java:[8,17] cannot find symbol\n  symbol:   class Plain\n  location: class com.eval.junit5.PlainTest\n[ERROR] /tmp/eval-dev-quality3329974287/plain/src/test/java/com/eval/PlainTest.java:[13,17] cannot find symbol\n  symbol:   class Plain\n  location: class com.eval.junit5.PlainTest\n[ERROR] /tmp/eval-dev-quality3329974287/plain/src/test/java/com/eval/PlainTest.java:[17,17] cannot find symbol\n  symbol:   class Plain\n  location: class com.eval.junit5.PlainTest\n[INFO] 3 errors \n[INFO] -------------------------------------------------------------\n[INFO] \n[INFO] ------------------------------------------------------------------------\n[INFO] Skipping test-java-plain\n[INFO] This project has been banned from the build due to previous failures.\n[INFO] ------------------------------------------------------------------------\n[INFO] \n[INFO] ------------------------------------------------------------------------\n[INFO] Skipping test-java-plain\n[INFO] This project has been banned from the build due to previous failures.\n[INFO] ------------------------------------------------------------------------\n[INFO] ------------------------------------------------------------------------\n[INFO] BUILD FAILURE\n[INFO] ------------------------------------------------------------------------\n[INFO] Total time:  1.289 s\n[INFO] Finished at: 2024-04-25T19:51:27+02:00\n[INFO] ------------------------------------------------------------------------\n[ERROR] Failed to execute goal org.apache.maven.plugins:maven-compiler-plugin:3.10.1:testCompile (default-testCompile) on project test-java-plain: Compilation failure: Compilation failure: \n[ERROR] /tmp/eval-dev-quality3329974287/plain/src/test/java/com/eval/PlainTest.java:[8,17] cannot find symbol\n[ERROR]   symbol:   class Plain\n[ERROR]   location: class com.eval.junit5.PlainTest\n[ERROR] /tmp/eval-dev-quality3329974287/plain/src/test/java/com/eval/PlainTest.java:[13,17] cannot find symbol\n[ERROR]   symbol:   class Plain\n[ERROR]   location: class com.eval.junit5.PlainTest\n[ERROR] /tmp/eval-dev-quality3329974287/plain/src/test/java/com/eval/PlainTest.java:[17,17] cannot find symbol\n[ERROR]   symbol:   class Plain\n[ERROR]   location: class com.eval.junit5.PlainTest\n[ERROR] -> [Help 1]\n[ERROR] \n[ERROR] To see the full stack trace of the errors, re-run Maven with the -e switch.\n[ERROR] Re-run Maven using the -X switch to enable full debug logging.\n[ERROR] \n[ERROR] For more information about the errors and possible solutions, please read the following articles:\n[ERROR] [Help 1] http://cwiki.apache.org/confluence/display/MAVEN/MojoFailureException\n",
}
Stacktrace: goroutine 1 [running]:
gitlab.nethead.at/symflower/symflower/model/errors.NewInternalError({0x1ef1a40?, 0xc000488000}, {0xfbd660?, 0xc000712018})
	gitlab.nethead.at/symflower/symflower/model/errors/error.go:850 +0x59
gitlab.nethead.at/symflower/symflower/language/java/execute.MavenDependencyCommand.func1()
	gitlab.nethead.at/symflower/symflower/language/java/execute/maven.go:80 +0x1ef
github.com/avast/retry-go.Do(0xc0005fb890, {0xc0005fb878, 0x3, 0x2712660?})
	github.com/avast/retry-go/retry.go:135 +0x5a3
gitlab.nethead.at/symflower/symflower/language/java/execute.MavenDependencyCommand({0xc000788060, 0x26}, 0x0, {0xc0001ee000, 0x8, 0x8})
	gitlab.nethead.at/symflower/symflower/language/java/execute/maven.go:60 +0x1c5
gitlab.nethead.at/symflower/symflower/language/java/execute.MavenCloverCoverage({0xc000788060, 0x26})
	gitlab.nethead.at/symflower/symflower/language/java/execute/clover.go:133 +0xef
gitlab.nethead.at/symflower/symflower/cmd/symflower-local/cmd.(*commandTest).Execute(0xc0006a64a0, {0xc0006a6380?, 0x7ff2e43d2758?, 0xc0006a64a0?})
	gitlab.nethead.at/symflower/symflower/cmd/symflower-local/cmd/test.go:111 +0x56f
gitlab.nethead.at/symflower/symflower/cmd.ExecuteNoExit({0x1ef12a0?, 0xc0006a6380}, {0xc000196120?, 0x0?, 0xc000133ed8?})
	gitlab.nethead.at/symflower/symflower/cmd/execute.go:56 +0x2d0
gitlab.nethead.at/symflower/symflower/cmd.Execute({0x1ef12a0?, 0xc0006a6380?}, {0xc000196120?, 0xc000600000?, 0xc0006a6380?})
	gitlab.nethead.at/symflower/symflower/cmd/execute.go:16 +0x26
gitlab.nethead.at/symflower/symflower/cmd.ExecuteWithOSArguments(...)
	gitlab.nethead.at/symflower/symflower/cmd/execute.go:75
main.main.func1()
	gitlab.nethead.at/symflower/symflower/cmd/symflower-demo/main.go:40 +0x34
gitlab.nethead.at/symflower/symflower/cmd/symflower-local/cmd.(*Command).WithPanicReporter(0xc000048178?, 0x25c6968?)
	gitlab.nethead.at/symflower/symflower/cmd/symflower-local/cmd/cmd.go:182 +0x48
main.main()
	gitlab.nethead.at/symflower/symflower/cmd/symflower-demo/main.go:39 +0xa5

2024/04/25 19:51:28 Evaluated model "openrouter/01-ai/yi-34b" using language "java" and repository "java/plain": encountered 1 problems: [exit status 1
github.com/symflower/eval-dev-quality/util.CommandWithResult
	/home/zimmski/symflower/src/github.com/symflower/eval-dev-quality/util/exec.go:36
github.com/symflower/eval-dev-quality/language/java.(*Language).Execute
	/home/zimmski/symflower/src/github.com/symflower/eval-dev-quality/language/java/language.go:94
github.com/symflower/eval-dev-quality/evaluate.Repository
	/home/zimmski/symflower/src/github.com/symflower/eval-dev-quality/evaluate/repository.go:67
github.com/symflower/eval-dev-quality/cmd/eval-dev-quality/cmd.(*Evaluate).Execute
	/home/zimmski/symflower/src/github.com/symflower/eval-dev-quality/cmd/eval-dev-quality/cmd/evaluate.go:204
github.com/symflower/eval-dev-quality/cmd/eval-dev-quality/cmd.Execute.func1
	/home/zimmski/symflower/src/github.com/symflower/eval-dev-quality/cmd/eval-dev-quality/cmd/command.go:34
github.com/jessevdk/go-flags.(*Parser).ParseArgs
	/home/zimmski/symflower/pkg/mod/github.com/jessevdk/go-flags@v1.5.1-0.20210607101731-3927b71304df/parser.go:333
github.com/symflower/eval-dev-quality/cmd/eval-dev-quality/cmd.Execute
	/home/zimmski/symflower/src/github.com/symflower/eval-dev-quality/cmd/eval-dev-quality/cmd/command.go:37
main.main
	/home/zimmski/symflower/src/github.com/symflower/eval-dev-quality/cmd/eval-dev-quality/main.go:11
runtime.main
	/home/zimmski/symflower/.devenv/go@1.21.5/go/src/runtime/proc.go:267
runtime.goexit
	/home/zimmski/symflower/.devenv/go@1.21.5/go/src/runtime/asm_amd64.s:1650
github.com/symflower/eval-dev-quality/language/java.(*Language).Execute
	/home/zimmski/symflower/src/github.com/symflower/eval-dev-quality/language/java/language.go:104
github.com/symflower/eval-dev-quality/evaluate.Repository
	/home/zimmski/symflower/src/github.com/symflower/eval-dev-quality/evaluate/repository.go:67
github.com/symflower/eval-dev-quality/cmd/eval-dev-quality/cmd.(*Evaluate).Execute
	/home/zimmski/symflower/src/github.com/symflower/eval-dev-quality/cmd/eval-dev-quality/cmd/evaluate.go:204
github.com/symflower/eval-dev-quality/cmd/eval-dev-quality/cmd.Execute.func1
	/home/zimmski/symflower/src/github.com/symflower/eval-dev-quality/cmd/eval-dev-quality/cmd/command.go:34
github.com/jessevdk/go-flags.(*Parser).ParseArgs
	/home/zimmski/symflower/pkg/mod/github.com/jessevdk/go-flags@v1.5.1-0.20210607101731-3927b71304df/parser.go:333
github.com/symflower/eval-dev-quality/cmd/eval-dev-quality/cmd.Execute
	/home/zimmski/symflower/src/github.com/symflower/eval-dev-quality/cmd/eval-dev-quality/cmd/command.go:37
main.main
	/home/zimmski/symflower/src/github.com/symflower/eval-dev-quality/cmd/eval-dev-quality/main.go:11
runtime.main
	/home/zimmski/symflower/.devenv/go@1.21.5/go/src/runtime/proc.go:267
runtime.goexit
	/home/zimmski/symflower/.devenv/go@1.21.5/go/src/runtime/asm_amd64.s:1650
src/main/java/com/eval/Plain.java]
